<?xml version="1.0" encoding="UTF-8"?>
<testng-results ignored="0" total="1" passed="1" failed="0" skipped="0">
  <reporter-output>
    <line>
      <![CDATA[testA of Demo1 of day 21]]>
    </line>
  </reporter-output>
  <suite started-at="2023-06-16T07:23:17Z" name="Suite" finished-at="2023-06-16T07:23:36Z" duration-ms="18759">
    <groups>
    </groups>
    <test started-at="2023-06-16T07:23:17Z" name="Test" finished-at="2023-06-16T07:23:36Z" duration-ms="18759">
      <class name="day21.Demo1">
        <test-method signature="testA(java.lang.String)[pri:0, instance:day21.Demo1@4f32a3ad]" started-at="2023-06-16T07:23:17Z" name="testA" finished-at="2023-06-16T07:23:36Z" duration-ms="18701" status="PASS">
          <params>
            <param index="0">
              <value>
                <![CDATA[http://localhost:4444]]>
              </value>
            </param>
          </params>
          <reporter-output>
            <line>
              <![CDATA[testA of Demo1 of day 21]]>
            </line>
          </reporter-output>
        </test-method> <!-- testA -->
      </class> <!-- day21.Demo1 -->
    </test> <!-- Test -->
  </suite> <!-- Suite -->
</testng-results>
